<?xml version="1.0" encoding="UTF-8"?>
<!-- Generated by org.testng.reporters.JUnitReportReporter -->
<testsuite hostname="Mayas-MBP.lan" failures="0" tests="1" name="test.LoginUserWithValidEmailPasswordTest" time="5.393" errors="0" timestamp="2023-06-12T22:03:00 EDT" skipped="0">
  <testcase classname="test.LoginUserWithValidEmailPasswordTest" name="loginValidEmailPassword" time="5.393"/>
  <system-out/>
</testsuite> <!-- test.LoginUserWithValidEmailPasswordTest -->
