<?xml version="1.0" encoding="UTF-8"?>
<!-- Generated by org.testng.reporters.JUnitReportReporter -->
<testsuite hostname="Mayas-MBP.lan" failures="0" tests="1" name="test.ContactUsFormTest" time="7.523" errors="0" timestamp="2023-07-09T01:17:53 EDT" skipped="0">
  <testcase classname="test.ContactUsFormTest" name="contactUs" time="7.523"/>
  <system-out>
    <![CDATA[Get in touch is visible true]]>
  </system-out>
</testsuite> <!-- test.ContactUsFormTest -->
