<?xml version="1.0" encoding="UTF-8"?>
<!-- Generated by org.testng.reporters.JUnitReportReporter -->
<testsuite hostname="Mayas-MBP.lan" failures="0" tests="1" name="test.RegisterUserExistingEmailTest" time="6.835" errors="0" timestamp="2023-06-12T22:49:39 EDT" skipped="0">
  <testcase classname="test.RegisterUserExistingEmailTest" name="registerExistinEmail" time="6.835"/>
  <system-out>
    <![CDATA[New User Sign Up! is visible true
Email Address already exist!- is visible true
Error message = Email Address already exist!]]>
  </system-out>
</testsuite> <!-- test.RegisterUserExistingEmailTest -->
