<?xml version="1.0" encoding="UTF-8"?>
<!-- Generated by org.testng.reporters.JUnitReportReporter -->
<testsuite hostname="Mayas-MBP.lan" failures="0" tests="2" name="test.RegisterUserTest" time="10.512" errors="0" timestamp="2023-06-12T22:04:47 EDT" skipped="0">
  <testcase classname="test.RegisterUserTest" name="clickSignupLogin" time="3.100"/>
  <system-out>
    <![CDATA[Page title is Automation Exercise
Url page is https://www.automationexercise.com/
New User Sign Up! is visible true]]>
  </system-out>
  <testcase classname="test.RegisterUserTest" name="enterNameEmailAddres" time="7.412"/>
  <system-out>
    <![CDATA[ENTER ACCOUNT INFORMATION is visible true
Account Created is visible true]]>
  </system-out>
</testsuite> <!-- test.RegisterUserTest -->
