<?xml version="1.0" encoding="UTF-8"?>
<!-- Generated by org.testng.reporters.JUnitReportReporter -->
<testsuite hostname="Mayas-MBP.lan" failures="0" tests="1" name="test.HomePageTest" time="1.393" errors="0" timestamp="2023-06-10T21:53:55 EDT" skipped="0">
  <testcase classname="test.HomePageTest" name="clickLogin" time="1.393"/>
  <system-out/>
</testsuite> <!-- test.HomePageTest -->
