<?xml version="1.0" encoding="UTF-8"?>
<!-- Generated by org.testng.reporters.JUnitReportReporter -->
<testsuite hostname="Mayas-MBP.lan" failures="0" tests="1" name="test.InvalidEmailPasswordTest" time="7.401" errors="0" timestamp="2023-06-11T23:30:24 EDT" skipped="0">
  <testcase classname="test.InvalidEmailPasswordTest" name="invalidCredentioals" time="7.401"/>
  <system-out>
    <![CDATA[Your email or password is incorrect! is displayed true]]>
  </system-out>
</testsuite> <!-- test.InvalidEmailPasswordTest -->
