<?xml version="1.0" encoding="UTF-8"?>
<!-- Generated by org.testng.reporters.JUnitReportReporter -->
<testsuite hostname="Mayas-MBP.lan" failures="0" tests="1" name="test.LogoutTest" time="9.651" errors="0" timestamp="2023-06-12T22:30:27 EDT" skipped="0">
  <testcase classname="test.LogoutTest" name="logoutUser" time="9.651"/>
  <system-out>
    <![CDATA[Page title is Automation Exercise - Signup / Login
Login to your account- is visible true
Logged in as user - is visible true]]>
  </system-out>
</testsuite> <!-- test.LogoutTest -->
